<?xml version="1.0" encoding="UTF-8"?>
<testsuite name="ServerTest" tests="2" time="0.341915052" failures="0" errors="0" skipped="0" assertions="6" timestamp="2020-12-12T17:05:40+01:00">
  <testcase name="test_it_gives_thefibonacci_number" time="0.339627695" assertions="4">
  </testcase>
  <testcase name="test_it_says_hello_world_root" time="0.001959304" assertions="2">
  </testcase>
  <system-err>
Parsing options from the first comment line is deprecated!
Rails backports are deprecated.
Parsing options from the first comment line is deprecated!
  </system-err>
</testsuite>
